[INFO  - 2016-04-19T09:51:40.758Z] GhostDriver - Main - running on port 10219
[INFO  - 2016-04-19T09:51:40.848Z] Session [50f0f4e0-0614-11e6-88f7-2575f21bfe4c] - page.settings - {"XSSAuditingEnabled":false,"javascriptCanCloseWindows":true,"javascriptCanOpenWindows":true,"javascriptEnabled":true,"loadImages":true,"localToRemoteUrlAccessEnabled":false,"userAgent":"Mozilla/5.0 (Unknown; Linux x86_64) AppleWebKit/538.1 (KHTML, like Gecko) PhantomJS/2.1.1 Safari/538.1","webSecurityEnabled":true}
[INFO  - 2016-04-19T09:51:40.848Z] Session [50f0f4e0-0614-11e6-88f7-2575f21bfe4c] - page.customHeaders:  - {}
[INFO  - 2016-04-19T09:51:40.848Z] Session [50f0f4e0-0614-11e6-88f7-2575f21bfe4c] - Session.negotiatedCapabilities - {"browserName":"phantomjs","version":"2.1.1","driverName":"ghostdriver","driverVersion":"1.2.0","platform":"linux-unknown-64bit","javascriptEnabled":true,"takesScreenshot":true,"handlesAlerts":false,"databaseEnabled":false,"locationContextEnabled":false,"applicationCacheEnabled":false,"browserConnectionEnabled":false,"cssSelectorsEnabled":true,"webStorageEnabled":false,"rotatable":false,"acceptSslCerts":false,"nativeEvents":true,"proxy":{"proxyType":"direct"}}
[INFO  - 2016-04-19T09:51:40.848Z] SessionManagerReqHand - _postNewSessionCommand - New Session Created: 50f0f4e0-0614-11e6-88f7-2575f21bfe4c
[INFO  - 2016-04-19T09:51:51.181Z] ShutdownReqHand - _handle - About to shutdown
[INFO  - 2016-04-19T09:53:16.139Z] GhostDriver - Main - running on port 20690
[INFO  - 2016-04-19T09:53:16.226Z] Session [89ca54f0-0614-11e6-a446-331ab082a509] - page.settings - {"XSSAuditingEnabled":false,"javascriptCanCloseWindows":true,"javascriptCanOpenWindows":true,"javascriptEnabled":true,"loadImages":true,"localToRemoteUrlAccessEnabled":false,"userAgent":"Mozilla/5.0 (Unknown; Linux x86_64) AppleWebKit/538.1 (KHTML, like Gecko) PhantomJS/2.1.1 Safari/538.1","webSecurityEnabled":true}
[INFO  - 2016-04-19T09:53:16.226Z] Session [89ca54f0-0614-11e6-a446-331ab082a509] - page.customHeaders:  - {}
[INFO  - 2016-04-19T09:53:16.226Z] Session [89ca54f0-0614-11e6-a446-331ab082a509] - Session.negotiatedCapabilities - {"browserName":"phantomjs","version":"2.1.1","driverName":"ghostdriver","driverVersion":"1.2.0","platform":"linux-unknown-64bit","javascriptEnabled":true,"takesScreenshot":true,"handlesAlerts":false,"databaseEnabled":false,"locationContextEnabled":false,"applicationCacheEnabled":false,"browserConnectionEnabled":false,"cssSelectorsEnabled":true,"webStorageEnabled":false,"rotatable":false,"acceptSslCerts":false,"nativeEvents":true,"proxy":{"proxyType":"direct"}}
[INFO  - 2016-04-19T09:53:16.226Z] SessionManagerReqHand - _postNewSessionCommand - New Session Created: 89ca54f0-0614-11e6-a446-331ab082a509
[INFO  - 2016-04-19T09:53:30.755Z] GhostDriver - Main - running on port 24926
[INFO  - 2016-04-19T09:53:30.842Z] Session [92808e70-0614-11e6-951d-b7b3e4e1a211] - page.settings - {"XSSAuditingEnabled":false,"javascriptCanCloseWindows":true,"javascriptCanOpenWindows":true,"javascriptEnabled":true,"loadImages":true,"localToRemoteUrlAccessEnabled":false,"userAgent":"Mozilla/5.0 (Unknown; Linux x86_64) AppleWebKit/538.1 (KHTML, like Gecko) PhantomJS/2.1.1 Safari/538.1","webSecurityEnabled":true}
[INFO  - 2016-04-19T09:53:30.842Z] Session [92808e70-0614-11e6-951d-b7b3e4e1a211] - page.customHeaders:  - {}
[INFO  - 2016-04-19T09:53:30.842Z] Session [92808e70-0614-11e6-951d-b7b3e4e1a211] - Session.negotiatedCapabilities - {"browserName":"phantomjs","version":"2.1.1","driverName":"ghostdriver","driverVersion":"1.2.0","platform":"linux-unknown-64bit","javascriptEnabled":true,"takesScreenshot":true,"handlesAlerts":false,"databaseEnabled":false,"locationContextEnabled":false,"applicationCacheEnabled":false,"browserConnectionEnabled":false,"cssSelectorsEnabled":true,"webStorageEnabled":false,"rotatable":false,"acceptSslCerts":false,"nativeEvents":true,"proxy":{"proxyType":"direct"}}
[INFO  - 2016-04-19T09:53:30.842Z] SessionManagerReqHand - _postNewSessionCommand - New Session Created: 92808e70-0614-11e6-951d-b7b3e4e1a211
[INFO  - 2016-04-19T09:53:31.430Z] ShutdownReqHand - _handle - About to shutdown
[INFO  - 2016-04-19T10:33:34.186Z] GhostDriver - Main - running on port 30689
[INFO  - 2016-04-19T10:33:34.266Z] Session [2b0e1b80-061a-11e6-8178-67a791709a7a] - page.settings - {"XSSAuditingEnabled":false,"javascriptCanCloseWindows":true,"javascriptCanOpenWindows":true,"javascriptEnabled":true,"loadImages":true,"localToRemoteUrlAccessEnabled":false,"userAgent":"Mozilla/5.0 (Unknown; Linux x86_64) AppleWebKit/538.1 (KHTML, like Gecko) PhantomJS/2.1.1 Safari/538.1","webSecurityEnabled":true}
[INFO  - 2016-04-19T10:33:34.266Z] Session [2b0e1b80-061a-11e6-8178-67a791709a7a] - page.customHeaders:  - {}
[INFO  - 2016-04-19T10:33:34.266Z] Session [2b0e1b80-061a-11e6-8178-67a791709a7a] - Session.negotiatedCapabilities - {"browserName":"phantomjs","version":"2.1.1","driverName":"ghostdriver","driverVersion":"1.2.0","platform":"linux-unknown-64bit","javascriptEnabled":true,"takesScreenshot":true,"handlesAlerts":false,"databaseEnabled":false,"locationContextEnabled":false,"applicationCacheEnabled":false,"browserConnectionEnabled":false,"cssSelectorsEnabled":true,"webStorageEnabled":false,"rotatable":false,"acceptSslCerts":false,"nativeEvents":true,"proxy":{"proxyType":"direct"}}
[INFO  - 2016-04-19T10:33:34.266Z] SessionManagerReqHand - _postNewSessionCommand - New Session Created: 2b0e1b80-061a-11e6-8178-67a791709a7a
[INFO  - 2016-04-19T10:33:34.889Z] ShutdownReqHand - _handle - About to shutdown
